<?xml version="1.0" encoding="UTF-8"?>
<!-- Generated by org.testng.reporters.JUnitXMLReporter -->
<testsuite ignored="0" hostname="YashrajShrivastava-D24JG34XPX" failures="1" tests="4" name="Safari Test" time="18.95" errors="0" timestamp="2024-11-19T18:36:08 IST">
  <testcase classname="com.example.BrowserStackRemoteNgTest" name="addItemToCart" time="8.136"/>
  <testcase classname="com.example.BrowserStackRemoteNgTest" name="proceedToCheckout" time="0.305"/>
  <testcase classname="com.example.BrowserStackRemoteNgTest" name="loginAndPlaceOrder" time="0.818">
    <failure type="org.openqa.selenium.support.ui.UnexpectedTagNameException" message="Element should have been &amp;quot;select&amp;quot; but was &amp;quot;DIV&amp;quot;
Build info: version: &amp;apos;4.11.0&amp;apos;, revision: &amp;apos;040bc5406b&amp;apos;
System info: os.name: &amp;apos;Mac OS X&amp;apos;, os.arch: &amp;apos;aarch64&amp;apos;, os.version: &amp;apos;15.1&amp;apos;, java.version: &amp;apos;23&amp;apos;
Driver info: driver.version: unknown">
      <![CDATA[org.openqa.selenium.support.ui.UnexpectedTagNameException: Element should have been "select" but was "DIV"
Build info: version: '4.11.0', revision: '040bc5406b'
System info: os.name: 'Mac OS X', os.arch: 'aarch64', os.version: '15.1', java.version: '23'
Driver info: driver.version: unknown
at org.openqa.selenium.support.ui.Select.<init>(Select.java:46)
at com.example.BrowserStackRemoteNgTest.loginAndPlaceOrder(BrowserStackRemoteNgTest.java:93)
at java.base/java.util.ArrayList.forEach(ArrayList.java:1597)
at java.base/java.util.concurrent.FutureTask.run(FutureTask.java:317)
at java.base/java.util.concurrent.ThreadPoolExecutor.runWorker(ThreadPoolExecutor.java:1144)
at java.base/java.util.concurrent.ThreadPoolExecutor$Worker.run(ThreadPoolExecutor.java:642)
at java.base/java.lang.Thread.run(Thread.java:1575)
... Removed 16 stack frames]]>
    </failure>
  </testcase> <!-- loginAndPlaceOrder -->
  <testcase classname="com.example.BrowserStackRemoteNgTest" name="fillShippingAddress" time="0.0">
    <skipped/>
  </testcase> <!-- fillShippingAddress -->
</testsuite> <!-- Safari Test -->
